0
8
42
125
69
9
22
92
9
16
9
69
30
9
109
69
9
9
69
69
11
42
125
69
72
117
37
118
109
69
9
9
93
69
9
94
83
20
69
20
69
69
9
9
9
74
9
69
126
9
69
63
106
69
69
44
9
69
69
9
70
103
120
130
89
44
9
69
69
9
93
69
9
47
9
69
83
20
69
20
69
9
55
69
79
44
9
69
69
69
69
71
69
112
62
86
69
20
69
69
69
124
69
106
69
69
9
9
69
9
31
9
66
69
116
9
69
75
85
1
86
69
9
9
95
69
69
2
69
9
23
9
9
128
134
95
69
69
7
9
20
69
9
101
69
9
23
9
9
9
69
72
117
37
118
109
69
9
9
69
94
83
20
69
20
69
9
69
7
9
69
69
45
49
69
23
9
69
9
9
69
48
69
44
9
69
69
9
74
9
69
126
9
28
9
83
20
69
9
20
69
69
70
103
120
130
89
44
9
69
69
9
69
47
9
69
83
20
69
20
69
9
9
9
69
69
81
53
111
59
23
9
9
3
9
69
69
69
35
9
69
109
69
9
9
9
69
9
9
9
9
45
49
69
9
83
20
69
20
69
69
69
69
115
69
9
41
21
69
123
86
69
20
69
20
69
9
69
78
9
69
107
9
69
86
69
20
69
9
9
69
50
87
15
9
7
9
69
69
61
9
69
23
9
69
69
10
69
98
89
44
9
69
69
93
69
9
69
9
9
69
93
69
3
9
69
69
55
69
9
5
3
9
69
69
9
69
71
69
9
114
69
105
69
110
9
69
9
69
9
9
93
69
9
27
69
9
108
20
69
86
69
20
69
9
69
29
69
9
82
5
3
9
69
69
9
69
9
9
69
69
9
23
9
69
48
69
44
9
69
9
28
9
69
7
9
20
69
69
51
9
18
9
73
26
69
67
9
69
23
9
69
69
100
9
69
80
9
69
3
9
9
69
69
69
9
9
9
20
69
9
9
9
9
9
83
20
69
9
20
69
9
83
20
69
9
20
69
9
9
69
9
25
17
9
23
9
69
9
9
9
77
9
7
9
20
69
9
69
22
92
9
16
9
69
30
9
69
3
9
69
69
69
10
69
9
56
9
69
58
44
9
69
69
69
9
9
9
9
7
9
69
69
93
69
9
9
112
62
86
69
20
69
69
83
20
69
20
69
9
69
124
69
106
69
69
9
69
9
91
95
69
69
9
13
135
110
9
14
110
9
15
9
38
9
69
110
9
69
9
69
9
9
69
65
9
69
69
9
9
9
81
53
111
59
23
9
9
3
9
69
69
35
9
69
109
69
9
9
9
27
69
91
95
69
69
109
69
9
9
69
69
69
9
60
33
9
69
133
88
69
9
69
69
65
9
69
9
69
69
3
9
69
69
9
56
9
69
58
44
9
69
69
69
9
9
110
9
69
69
9
9
7
9
69
69
9
9
69
9
83
20
69
9
20
69
69
9
69
9
69
20
69
69
93
69
9
69
9
9
9
44
9
69
69
9
69
50
87
15
9
7
9
69
69
9
61
9
69
23
9
9
98
89
44
9
69
69
9
93
69
9
99
106
69
69
9
109
69
9
9
69
3
9
69
69
5
3
9
69
69
9
110
9
9
114
69
105
69
110
9
9
69
9
9
93
69
9
9
108
20
69
86
69
20
69
9
9
9
99
106
69
69
9
109
69
9
9
9
9
69
20
69
9
9
69
9
69
69
9
29
69
9
82
5
3
9
69
69
110
9
64
9
69
7
9
20
69
9
9
9
90
69
9
68
9
69
19
7
9
20
69
9
69
9
25
17
9
23
9
9
69
77
9
7
9
69
69
69
101
69
95
69
69
9
110
9
64
9
69
7
9
69
69
9
9
69
9
69
9
69
69
93
69
9
9
69
109
69
9
9
69
69
69
69
9
38
9
106
69
69
121
88
69
9
69
23
9
69
9
9
9
54
9
69
40
69
9
34
69
9
104
9
86
69
9
9
69
79
44
9
69
69
65
9
69
9
69
9
69
9
20
69
69
20
69
69
9
9
69
69
69
9
129
9
65
9
69
9
69
69
9
69
69
69
20
69
9
9
9
39
69
9
109
69
9
9
69
69
7
9
69
69
69
23
9
9
9
9
69
69
131
69
44
9
69
69
15
9
9
76
97
69
9
93
69
9
9
113
83
20
69
9
20
69
9
69
9
83
20
69
9
20
69
9
9
13
135
110
9
69
14
110
9
69
15
9
9
9
69
69
20
69
9
106
69
69
109
69
9
20
69
9
9
69
69
9
9
69
9
9
69
9
9
69
69
93
69
9
24
46
23
9
69
69
69
9
102
122
127
93
69
9
69
83
20
69
20
69
9
9
9
43
69
3
9
9
69
9
6
69
105
69
9
121
88
69
9
69
69
7
9
20
69
69
7
9
20
69
9
80
9
86
69
9
9
69
9
69
7
9
20
69
9
84
36
91
95
69
69
109
69
9
9
69
9
32
9
44
9
69
69
69
69
9
9
96
89
44
9
69
69
9
9
23
9
69
9
9
9
69
63
106
69
44
9
69
69
95
69
69
52
69
9
3
9
69
69
69
69
12
93
69
9
95
69
69
69
69
9
7
9
20
69
9
9
69
110
9
69
95
69
69
9
9
9
69
69
69
69
9
9
23
9
9
131
69
44
9
69
69
9
69
69
69
9
9
9
69
88
69
9
69
4
119
15
9
88
69
9
9
61
9
69
23
9
69
69
9
20
69
9
9
9
69
9
9
20
69
9
69
88
69
9
9
9
69
69
69
69
69
95
69
69
69
9
9
69
20
69
69
69
9
9
69
9
7
9
69
69
20
69
9
9
83
20
69
9
20
69
9
9
44
9
69
69
69
69
9
69
69
69
110
9
132
9
9
9
69
9
9
69
110
9
9
69
57
9
69
110
9
69
69
69
9
20
69
9
9
69
69
93
69
9
69
9
9
20
69
9
9
69
9
9
9
69
69
109
69
9
9
9
9
7
9
69
69
7
9
20
69
69
69
9
9
15
9
9
132
9
109
69
9
69
69
9
9
69
9
69
9
69
7
9
69
69
9
23
9
9
9
69
69
20
69
9
69
93
69
9
69
93
69
9
9
9
69
3
9
69
69
9
9
69
69
93
69
9
69
9
69
69
69
109
69
9
9
9
9
69
9
9
44
9
69
69
86
69
9
9
9
9
9
69
69
9
69
69
69
69
69
9
109
69
9
9
69
69
69
9
9
69
20
69
9
9
9
9
9
9
9
9
69
20
69
9
9
9
9
9
9
9
20
69
9
9
20
69
9
9
9
